<?xml version="1.0" encoding="UTF-8"?>
<!-- Generated by org.testng.reporters.JUnitReportReporter -->
<testsuite skipped="0" hostname="SaiRam-PC" name="demoyahoo.Demoyahoo" tests="1" failures="0" timestamp="04 Nov 2018 05:44:57 GMT" time="48.002" errors="0">
  <testcase name="demologin" time="48.002" classname="demoyahoo.Demoyahoo"/>
</testsuite> <!-- demoyahoo.Demoyahoo -->
