<?xml version="1.0" encoding="UTF-8"?>
<!-- Generated by org.testng.reporters.JUnitReportReporter -->
<testsuite skipped="0" hostname="SaiRam-PC" name="demoyahoo.Demoyahoo" tests="1" failures="0" timestamp="05 Nov 2018 05:40:37 GMT" time="10.707" errors="0">
  <testcase name="demologin" time="10.707" classname="demoyahoo.Demoyahoo"/>
</testsuite> <!-- demoyahoo.Demoyahoo -->
